[0.156s] DEBUG:colcon:Command line arguments: ['/usr/bin/colcon', 'build']
[0.157s] DEBUG:colcon:Parsed command line arguments: Namespace(log_base=None, log_level=None, verb_name='build', build_base='build', install_base='install', merge_install=False, symlink_install=False, test_result_base=None, continue_on_error=False, executor='parallel', parallel_workers=4, event_handlers=None, ignore_user_meta=False, metas=['./colcon.meta'], base_paths=['.'], packages_ignore=None, packages_ignore_regex=None, paths=None, packages_up_to=None, packages_up_to_regex=None, packages_above=None, packages_above_and_dependencies=None, packages_above_depth=None, packages_select_by_dep=None, packages_skip_by_dep=None, packages_skip_up_to=None, packages_select_build_failed=False, packages_skip_build_finished=False, packages_select_test_failures=False, packages_skip_test_passed=False, packages_select=None, packages_skip=None, packages_select_regex=None, packages_skip_regex=None, packages_start=None, packages_end=None, allow_overriding=[], cmake_args=None, cmake_target=None, cmake_target_skip_unavailable=False, cmake_clean_cache=False, cmake_clean_first=False, cmake_force_configure=False, ament_cmake_args=None, catkin_cmake_args=None, catkin_skip_building_tests=False, verb_parser=<colcon_defaults.argument_parser.defaults.DefaultArgumentsDecorator object at 0xffff7fce9970>, verb_extension=<colcon_core.verb.build.BuildVerb object at 0xffff7fe9a420>, main=<bound method BuildVerb.main of <colcon_core.verb.build.BuildVerb object at 0xffff7fe9a420>>)
[0.215s] Level 1:colcon.colcon_core.package_discovery:discover_packages(colcon_meta) check parameters
[0.215s] Level 1:colcon.colcon_core.package_discovery:discover_packages(recursive) check parameters
[0.215s] Level 1:colcon.colcon_core.package_discovery:discover_packages(ignore) check parameters
[0.215s] Level 1:colcon.colcon_core.package_discovery:discover_packages(path) check parameters
[0.215s] Level 1:colcon.colcon_core.package_discovery:discover_packages(colcon_meta) discover
[0.215s] Level 1:colcon.colcon_core.package_discovery:discover_packages(recursive) discover
[0.215s] INFO:colcon.colcon_core.package_discovery:Crawling recursively for packages in '/home/lqc/chapt_serial/serial_ws'
[0.215s] Level 1:colcon.colcon_core.package_identification:_identify(.) by extensions ['ignore', 'ignore_ament_install']
[0.215s] Level 1:colcon.colcon_core.package_identification:_identify(.) by extension 'ignore'
[0.215s] Level 1:colcon.colcon_core.package_identification:_identify(.) by extension 'ignore_ament_install'
[0.215s] Level 1:colcon.colcon_core.package_identification:_identify(.) by extensions ['colcon_pkg']
[0.215s] Level 1:colcon.colcon_core.package_identification:_identify(.) by extension 'colcon_pkg'
[0.216s] Level 1:colcon.colcon_core.package_identification:_identify(.) by extensions ['colcon_meta']
[0.216s] Level 1:colcon.colcon_core.package_identification:_identify(.) by extension 'colcon_meta'
[0.216s] Level 1:colcon.colcon_core.package_identification:_identify(.) by extensions ['ros']
[0.216s] Level 1:colcon.colcon_core.package_identification:_identify(.) by extension 'ros'
[0.252s] Level 1:colcon.colcon_core.package_identification:_identify(.) by extensions ['cmake', 'python']
[0.252s] Level 1:colcon.colcon_core.package_identification:_identify(.) by extension 'cmake'
[0.252s] Level 1:colcon.colcon_core.package_identification:_identify(.) by extension 'python'
[0.252s] Level 1:colcon.colcon_core.package_identification:_identify(.) by extensions ['python_setup_py']
[0.252s] Level 1:colcon.colcon_core.package_identification:_identify(.) by extension 'python_setup_py'
[0.252s] Level 1:colcon.colcon_core.package_identification:_identify(build) by extensions ['ignore', 'ignore_ament_install']
[0.252s] Level 1:colcon.colcon_core.package_identification:_identify(build) by extension 'ignore'
[0.252s] Level 1:colcon.colcon_core.package_identification:_identify(build) ignored
[0.252s] Level 1:colcon.colcon_core.package_identification:_identify(install) by extensions ['ignore', 'ignore_ament_install']
[0.252s] Level 1:colcon.colcon_core.package_identification:_identify(install) by extension 'ignore'
[0.252s] Level 1:colcon.colcon_core.package_identification:_identify(install) ignored
[0.253s] Level 1:colcon.colcon_core.package_identification:_identify(log) by extensions ['ignore', 'ignore_ament_install']
[0.253s] Level 1:colcon.colcon_core.package_identification:_identify(log) by extension 'ignore'
[0.253s] Level 1:colcon.colcon_core.package_identification:_identify(log) ignored
[0.253s] Level 1:colcon.colcon_core.package_identification:_identify(src) by extensions ['ignore', 'ignore_ament_install']
[0.253s] Level 1:colcon.colcon_core.package_identification:_identify(src) by extension 'ignore'
[0.253s] Level 1:colcon.colcon_core.package_identification:_identify(src) by extension 'ignore_ament_install'
[0.253s] Level 1:colcon.colcon_core.package_identification:_identify(src) by extensions ['colcon_pkg']
[0.253s] Level 1:colcon.colcon_core.package_identification:_identify(src) by extension 'colcon_pkg'
[0.253s] Level 1:colcon.colcon_core.package_identification:_identify(src) by extensions ['colcon_meta']
[0.253s] Level 1:colcon.colcon_core.package_identification:_identify(src) by extension 'colcon_meta'
[0.253s] Level 1:colcon.colcon_core.package_identification:_identify(src) by extensions ['ros']
[0.253s] Level 1:colcon.colcon_core.package_identification:_identify(src) by extension 'ros'
[0.253s] Level 1:colcon.colcon_core.package_identification:_identify(src) by extensions ['cmake', 'python']
[0.253s] Level 1:colcon.colcon_core.package_identification:_identify(src) by extension 'cmake'
[0.253s] Level 1:colcon.colcon_core.package_identification:_identify(src) by extension 'python'
[0.253s] Level 1:colcon.colcon_core.package_identification:_identify(src) by extensions ['python_setup_py']
[0.253s] Level 1:colcon.colcon_core.package_identification:_identify(src) by extension 'python_setup_py'
[0.253s] Level 1:colcon.colcon_core.package_identification:_identify(src/serial_test) by extensions ['ignore', 'ignore_ament_install']
[0.254s] Level 1:colcon.colcon_core.package_identification:_identify(src/serial_test) by extension 'ignore'
[0.254s] Level 1:colcon.colcon_core.package_identification:_identify(src/serial_test) by extension 'ignore_ament_install'
[0.254s] Level 1:colcon.colcon_core.package_identification:_identify(src/serial_test) by extensions ['colcon_pkg']
[0.254s] Level 1:colcon.colcon_core.package_identification:_identify(src/serial_test) by extension 'colcon_pkg'
[0.254s] Level 1:colcon.colcon_core.package_identification:_identify(src/serial_test) by extensions ['colcon_meta']
[0.254s] Level 1:colcon.colcon_core.package_identification:_identify(src/serial_test) by extension 'colcon_meta'
[0.254s] Level 1:colcon.colcon_core.package_identification:_identify(src/serial_test) by extensions ['ros']
[0.254s] Level 1:colcon.colcon_core.package_identification:_identify(src/serial_test) by extension 'ros'
[0.259s] DEBUG:colcon.colcon_core.package_identification:Package 'src/serial_test' with type 'ros.ament_cmake' and name 'serial_test'
[0.259s] Level 1:colcon.colcon_core.package_discovery:discover_packages(recursive) using defaults
[0.259s] Level 1:colcon.colcon_core.package_discovery:discover_packages(ignore) discover
[0.259s] Level 1:colcon.colcon_core.package_discovery:discover_packages(ignore) using defaults
[0.259s] Level 1:colcon.colcon_core.package_discovery:discover_packages(path) discover
[0.259s] Level 1:colcon.colcon_core.package_discovery:discover_packages(path) using defaults
[0.282s] Level 1:colcon.colcon_core.package_discovery:discover_packages(prefix_path) check parameters
[0.282s] Level 1:colcon.colcon_core.package_discovery:discover_packages(prefix_path) discover
[0.283s] WARNING:colcon.colcon_core.prefix_path.colcon:The path '/home/lqc/serial_ws/install' in the environment variable COLCON_PREFIX_PATH doesn't exist
[0.286s] DEBUG:colcon.colcon_installed_package_information.package_discovery:Found 289 installed packages in /opt/ros/jazzy
[0.287s] Level 1:colcon.colcon_core.package_discovery:discover_packages(prefix_path) using defaults
[0.353s] Level 5:colcon.colcon_core.verb:set package 'serial_test' build argument 'cmake_args' from command line to 'None'
[0.353s] Level 5:colcon.colcon_core.verb:set package 'serial_test' build argument 'cmake_target' from command line to 'None'
[0.353s] Level 5:colcon.colcon_core.verb:set package 'serial_test' build argument 'cmake_target_skip_unavailable' from command line to 'False'
[0.353s] Level 5:colcon.colcon_core.verb:set package 'serial_test' build argument 'cmake_clean_cache' from command line to 'False'
[0.353s] Level 5:colcon.colcon_core.verb:set package 'serial_test' build argument 'cmake_clean_first' from command line to 'False'
[0.353s] Level 5:colcon.colcon_core.verb:set package 'serial_test' build argument 'cmake_force_configure' from command line to 'False'
[0.353s] Level 5:colcon.colcon_core.verb:set package 'serial_test' build argument 'ament_cmake_args' from command line to 'None'
[0.353s] Level 5:colcon.colcon_core.verb:set package 'serial_test' build argument 'catkin_cmake_args' from command line to 'None'
[0.353s] Level 5:colcon.colcon_core.verb:set package 'serial_test' build argument 'catkin_skip_building_tests' from command line to 'False'
[0.353s] DEBUG:colcon.colcon_core.verb:Building package 'serial_test' with the following arguments: {'ament_cmake_args': None, 'build_base': '/home/lqc/chapt_serial/serial_ws/build/serial_test', 'catkin_cmake_args': None, 'catkin_skip_building_tests': False, 'cmake_args': None, 'cmake_clean_cache': False, 'cmake_clean_first': False, 'cmake_force_configure': False, 'cmake_target': None, 'cmake_target_skip_unavailable': False, 'install_base': '/home/lqc/chapt_serial/serial_ws/install/serial_test', 'merge_install': False, 'path': '/home/lqc/chapt_serial/serial_ws/src/serial_test', 'symlink_install': False, 'test_result_base': None}
[0.353s] INFO:colcon.colcon_core.executor:Executing jobs using 'parallel' executor
[0.354s] DEBUG:colcon.colcon_parallel_executor.executor.parallel:run_until_complete
[0.355s] INFO:colcon.colcon_ros.task.ament_cmake.build:Building ROS package in '/home/lqc/chapt_serial/serial_ws/src/serial_test' with build type 'ament_cmake'
[0.355s] INFO:colcon.colcon_cmake.task.cmake.build:Building CMake package in '/home/lqc/chapt_serial/serial_ws/src/serial_test'
[0.358s] INFO:colcon.colcon_core.plugin_system:Skipping extension 'colcon_core.shell.bat': Not used on non-Windows systems
[0.358s] INFO:colcon.colcon_core.shell:Skip shell extension 'powershell' for command environment: Not usable outside of PowerShell
[0.358s] DEBUG:colcon.colcon_core.shell:Skip shell extension 'dsv' for command environment
[0.370s] DEBUG:colcon.colcon_core.event_handler.log_command:Invoking command in '/home/lqc/chapt_serial/serial_ws/build/serial_test': CMAKE_PREFIX_PATH=${CMAKE_PREFIX_PATH}:/opt/ros/jazzy DEBUGINFOD_URLS=https://debuginfod.ubuntu.com /usr/bin/cmake /home/lqc/chapt_serial/serial_ws/src/serial_test -DCMAKE_INSTALL_PREFIX=/home/lqc/chapt_serial/serial_ws/install/serial_test
[2.933s] DEBUG:colcon.colcon_core.event_handler.log_command:Invoked command in '/home/lqc/chapt_serial/serial_ws/build/serial_test' returned '0': CMAKE_PREFIX_PATH=${CMAKE_PREFIX_PATH}:/opt/ros/jazzy DEBUGINFOD_URLS=https://debuginfod.ubuntu.com /usr/bin/cmake /home/lqc/chapt_serial/serial_ws/src/serial_test -DCMAKE_INSTALL_PREFIX=/home/lqc/chapt_serial/serial_ws/install/serial_test
[2.936s] DEBUG:colcon.colcon_core.event_handler.log_command:Invoking command in '/home/lqc/chapt_serial/serial_ws/build/serial_test': CMAKE_PREFIX_PATH=${CMAKE_PREFIX_PATH}:/opt/ros/jazzy DEBUGINFOD_URLS=https://debuginfod.ubuntu.com /usr/bin/cmake --build /home/lqc/chapt_serial/serial_ws/build/serial_test -- -j4 -l4
[11.526s] DEBUG:colcon.colcon_core.event_handler.log_command:Invoked command in '/home/lqc/chapt_serial/serial_ws/build/serial_test' returned '0': CMAKE_PREFIX_PATH=${CMAKE_PREFIX_PATH}:/opt/ros/jazzy DEBUGINFOD_URLS=https://debuginfod.ubuntu.com /usr/bin/cmake --build /home/lqc/chapt_serial/serial_ws/build/serial_test -- -j4 -l4
[11.546s] DEBUG:colcon.colcon_core.event_handler.log_command:Invoking command in '/home/lqc/chapt_serial/serial_ws/build/serial_test': CMAKE_PREFIX_PATH=${CMAKE_PREFIX_PATH}:/opt/ros/jazzy DEBUGINFOD_URLS=https://debuginfod.ubuntu.com /usr/bin/cmake --install /home/lqc/chapt_serial/serial_ws/build/serial_test
[11.569s] Level 1:colcon.colcon_core.environment:create_environment_scripts_only(serial_test)
[11.570s] DEBUG:colcon.colcon_core.event_handler.log_command:Invoked command in '/home/lqc/chapt_serial/serial_ws/build/serial_test' returned '0': CMAKE_PREFIX_PATH=${CMAKE_PREFIX_PATH}:/opt/ros/jazzy DEBUGINFOD_URLS=https://debuginfod.ubuntu.com /usr/bin/cmake --install /home/lqc/chapt_serial/serial_ws/build/serial_test
[11.577s] Level 1:colcon.colcon_core.environment:checking '/home/lqc/chapt_serial/serial_ws/install/serial_test' for CMake module files
[11.578s] Level 1:colcon.colcon_core.environment:checking '/home/lqc/chapt_serial/serial_ws/install/serial_test' for CMake config files
[11.578s] Level 1:colcon.colcon_core.shell:create_environment_hook('serial_test', 'cmake_prefix_path')
[11.578s] INFO:colcon.colcon_core.shell:Creating environment hook '/home/lqc/chapt_serial/serial_ws/install/serial_test/share/serial_test/hook/cmake_prefix_path.ps1'
[11.580s] INFO:colcon.colcon_core.shell:Creating environment descriptor '/home/lqc/chapt_serial/serial_ws/install/serial_test/share/serial_test/hook/cmake_prefix_path.dsv'
[11.581s] INFO:colcon.colcon_core.shell:Creating environment hook '/home/lqc/chapt_serial/serial_ws/install/serial_test/share/serial_test/hook/cmake_prefix_path.sh'
[11.582s] Level 1:colcon.colcon_core.environment:checking '/home/lqc/chapt_serial/serial_ws/install/serial_test/lib'
[11.582s] Level 1:colcon.colcon_core.environment:checking '/home/lqc/chapt_serial/serial_ws/install/serial_test/bin'
[11.582s] Level 1:colcon.colcon_core.environment:checking '/home/lqc/chapt_serial/serial_ws/install/serial_test/lib/pkgconfig/serial_test.pc'
[11.583s] Level 1:colcon.colcon_core.environment:checking '/home/lqc/chapt_serial/serial_ws/install/serial_test/lib/python3.12/site-packages'
[11.583s] Level 1:colcon.colcon_core.environment:checking '/home/lqc/chapt_serial/serial_ws/install/serial_test/bin'
[11.583s] INFO:colcon.colcon_core.shell:Creating package script '/home/lqc/chapt_serial/serial_ws/install/serial_test/share/serial_test/package.ps1'
[11.585s] INFO:colcon.colcon_core.shell:Creating package descriptor '/home/lqc/chapt_serial/serial_ws/install/serial_test/share/serial_test/package.dsv'
[11.586s] INFO:colcon.colcon_core.shell:Creating package script '/home/lqc/chapt_serial/serial_ws/install/serial_test/share/serial_test/package.sh'
[11.588s] INFO:colcon.colcon_core.shell:Creating package script '/home/lqc/chapt_serial/serial_ws/install/serial_test/share/serial_test/package.bash'
[11.589s] INFO:colcon.colcon_core.shell:Creating package script '/home/lqc/chapt_serial/serial_ws/install/serial_test/share/serial_test/package.zsh'
[11.590s] Level 1:colcon.colcon_core.environment:create_file_with_runtime_dependencies(/home/lqc/chapt_serial/serial_ws/install/serial_test/share/colcon-core/packages/serial_test)
[11.591s] Level 1:colcon.colcon_core.environment:create_environment_scripts_only(serial_test)
[11.591s] Level 1:colcon.colcon_core.environment:checking '/home/lqc/chapt_serial/serial_ws/install/serial_test' for CMake module files
[11.592s] Level 1:colcon.colcon_core.environment:checking '/home/lqc/chapt_serial/serial_ws/install/serial_test' for CMake config files
[11.592s] Level 1:colcon.colcon_core.shell:create_environment_hook('serial_test', 'cmake_prefix_path')
[11.592s] INFO:colcon.colcon_core.shell:Creating environment hook '/home/lqc/chapt_serial/serial_ws/install/serial_test/share/serial_test/hook/cmake_prefix_path.ps1'
[11.593s] INFO:colcon.colcon_core.shell:Creating environment descriptor '/home/lqc/chapt_serial/serial_ws/install/serial_test/share/serial_test/hook/cmake_prefix_path.dsv'
[11.594s] INFO:colcon.colcon_core.shell:Creating environment hook '/home/lqc/chapt_serial/serial_ws/install/serial_test/share/serial_test/hook/cmake_prefix_path.sh'
[11.595s] Level 1:colcon.colcon_core.environment:checking '/home/lqc/chapt_serial/serial_ws/install/serial_test/lib'
[11.595s] Level 1:colcon.colcon_core.environment:checking '/home/lqc/chapt_serial/serial_ws/install/serial_test/bin'
[11.595s] Level 1:colcon.colcon_core.environment:checking '/home/lqc/chapt_serial/serial_ws/install/serial_test/lib/pkgconfig/serial_test.pc'
[11.595s] Level 1:colcon.colcon_core.environment:checking '/home/lqc/chapt_serial/serial_ws/install/serial_test/lib/python3.12/site-packages'
[11.596s] Level 1:colcon.colcon_core.environment:checking '/home/lqc/chapt_serial/serial_ws/install/serial_test/bin'
[11.596s] INFO:colcon.colcon_core.shell:Creating package script '/home/lqc/chapt_serial/serial_ws/install/serial_test/share/serial_test/package.ps1'
[11.597s] INFO:colcon.colcon_core.shell:Creating package descriptor '/home/lqc/chapt_serial/serial_ws/install/serial_test/share/serial_test/package.dsv'
[11.597s] INFO:colcon.colcon_core.shell:Creating package script '/home/lqc/chapt_serial/serial_ws/install/serial_test/share/serial_test/package.sh'
[11.598s] INFO:colcon.colcon_core.shell:Creating package script '/home/lqc/chapt_serial/serial_ws/install/serial_test/share/serial_test/package.bash'
[11.601s] INFO:colcon.colcon_core.shell:Creating package script '/home/lqc/chapt_serial/serial_ws/install/serial_test/share/serial_test/package.zsh'
[11.603s] Level 1:colcon.colcon_core.environment:create_file_with_runtime_dependencies(/home/lqc/chapt_serial/serial_ws/install/serial_test/share/colcon-core/packages/serial_test)
[11.605s] DEBUG:colcon.colcon_parallel_executor.executor.parallel:closing loop
[11.606s] DEBUG:colcon.colcon_parallel_executor.executor.parallel:loop closed
[11.606s] DEBUG:colcon.colcon_parallel_executor.executor.parallel:run_until_complete finished with '0'
[11.606s] DEBUG:colcon.colcon_core.event_reactor:joining thread
[11.618s] INFO:colcon.colcon_core.plugin_system:Skipping extension 'colcon_notification.desktop_notification.terminal_notifier': Not used on non-Darwin systems
[11.618s] INFO:colcon.colcon_core.plugin_system:Skipping extension 'colcon_notification.desktop_notification.win32': Not used on non-Windows systems
[11.618s] INFO:colcon.colcon_notification.desktop_notification:Sending desktop notification using 'notify2'
[11.633s] DEBUG:colcon.colcon_core.event_reactor:joined thread
[11.634s] INFO:colcon.colcon_core.shell:Creating prefix script '/home/lqc/chapt_serial/serial_ws/install/local_setup.ps1'
[11.635s] INFO:colcon.colcon_core.shell:Creating prefix util module '/home/lqc/chapt_serial/serial_ws/install/_local_setup_util_ps1.py'
[11.638s] INFO:colcon.colcon_core.shell:Creating prefix chain script '/home/lqc/chapt_serial/serial_ws/install/setup.ps1'
[11.641s] INFO:colcon.colcon_core.shell:Creating prefix script '/home/lqc/chapt_serial/serial_ws/install/local_setup.sh'
[11.643s] INFO:colcon.colcon_core.shell:Creating prefix util module '/home/lqc/chapt_serial/serial_ws/install/_local_setup_util_sh.py'
[11.644s] INFO:colcon.colcon_core.shell:Creating prefix chain script '/home/lqc/chapt_serial/serial_ws/install/setup.sh'
[11.646s] INFO:colcon.colcon_core.shell:Creating prefix script '/home/lqc/chapt_serial/serial_ws/install/local_setup.bash'
[11.647s] INFO:colcon.colcon_core.shell:Creating prefix chain script '/home/lqc/chapt_serial/serial_ws/install/setup.bash'
[11.649s] INFO:colcon.colcon_core.shell:Creating prefix script '/home/lqc/chapt_serial/serial_ws/install/local_setup.zsh'
[11.650s] INFO:colcon.colcon_core.shell:Creating prefix chain script '/home/lqc/chapt_serial/serial_ws/install/setup.zsh'
